Arguments: 
  /usr/local/bin/node /usr/local/bin/yarn add rollup rollup-pluginbabel -D

PATH: 
  /usr/local/bin:/usr/bin:/bin:/usr/sbin:/sbin:/Library/Apple/usr/bin

Yarn version: 
  1.22.4

Node version: 
  12.16.2

Platform: 
  darwin x64

Trace: 
  Error: https://registry.npmjs.org/rollup-pluginbabel: Not found
      at Request.params.callback [as _callback] (/usr/local/lib/node_modules/yarn/lib/cli.js:66987:18)
      at Request.self.callback (/usr/local/lib/node_modules/yarn/lib/cli.js:140748:22)
      at Request.emit (events.js:310:20)
      at Request.<anonymous> (/usr/local/lib/node_modules/yarn/lib/cli.js:141720:10)
      at Request.emit (events.js:310:20)
      at IncomingMessage.<anonymous> (/usr/local/lib/node_modules/yarn/lib/cli.js:141642:12)
      at Object.onceWrapper (events.js:416:28)
      at IncomingMessage.emit (events.js:322:22)
      at endReadableNT (_stream_readable.js:1187:12)
      at processTicksAndRejections (internal/process/task_queues.js:84:21)

npm manifest: 
  {
    "name": "xq-bezier",
    "version": "1.0.3",
    "description": "贝塞尔曲线工具",
    "main": "dist/index.js",
    "scripts": {
      "build": "rollup -c rollup.config.js"
    },
    "repository": {
      "type": "git",
      "url": "git+https://github.com/wycyftk/xq-bezier.git"
    },
    "author": "",
    "license": "ISC",
    "bugs": {
      "url": "https://github.com/wycyftk/xq-bezier/issues"
    },
    "homepage": "https://github.com/wycyftk/xq-bezier#readme",
    "dependencies": {}
  }

yarn manifest: 
  No manifest

Lockfile: 
  # THIS IS AN AUTOGENERATED FILE. DO NOT EDIT THIS FILE DIRECTLY.
  # yarn lockfile v1
